CallRecorder/ZBLibrary/build/intermediates/manifest_merge_blame_file/debug/manifest-merger-blame-debug-report.txt
1<?xml version="1.0" encoding="utf-8"?>
2<manifest xmlns:android="http://schemas.android.com/apk/res/android"
3    package="zuo.biao.library" > <!-- 复制粘贴到你的工程的AndroidManifest.xml内对应位置 >>>>>>>>>>>>>>>>>>>>>>>>>>>>>>>>>>>>>>>>>>>>>>>>>>>>>>>>>>>>>>>> -->
4    <uses-sdk android:minSdkVersion="21" />
4-->src\main\AndroidManifest.xml
5
6    <application>
6-->src\main\AndroidManifest.xml:4:5-59:19
7        <activity
7-->src\main\AndroidManifest.xml:5:9-9:63
8            android:name="zuo.biao.library.ui.SelectPictureActivity"
8-->src\main\AndroidManifest.xml:6:13-69
9            android:screenOrientation="portrait"
9-->src\main\AndroidManifest.xml:7:13-49
10            android:theme="@style/WindowCompleteAlpha"
10-->src\main\AndroidManifest.xml:8:13-55
11            android:windowSoftInputMode="stateAlwaysHidden" />
11-->src\main\AndroidManifest.xml:9:13-60
12        <activity
12-->src\main\AndroidManifest.xml:10:9-14:63
13            android:name="zuo.biao.library.ui.CutPictureActivity"
13-->src\main\AndroidManifest.xml:11:13-66
14            android:screenOrientation="portrait"
14-->src\main\AndroidManifest.xml:12:13-49
15            android:theme="@style/Window"
15-->src\main\AndroidManifest.xml:13:13-42
16            android:windowSoftInputMode="stateAlwaysHidden" />
16-->src\main\AndroidManifest.xml:14:13-60
17        <activity
17-->src\main\AndroidManifest.xml:15:9-19:88
18            android:name="zuo.biao.library.ui.WebViewActivity"
18-->src\main\AndroidManifest.xml:16:13-63
19            android:launchMode="singleTop"
19-->src\main\AndroidManifest.xml:17:13-43
20            android:screenOrientation="portrait"
20-->src\main\AndroidManifest.xml:18:13-49
21            android:windowSoftInputMode="stateHidden|adjustResize|adjustUnspecified" />
21-->src\main\AndroidManifest.xml:19:13-85
22        <activity
22-->src\main\AndroidManifest.xml:20:9-23:86
23            android:name="zuo.biao.library.ui.EditTextInfoActivity"
23-->src\main\AndroidManifest.xml:21:13-68
24            android:screenOrientation="portrait"
24-->src\main\AndroidManifest.xml:22:13-49
25            android:windowSoftInputMode="stateVisible|adjustPan|adjustUnspecified" />
25-->src\main\AndroidManifest.xml:23:13-83
26        <activity
26-->src\main\AndroidManifest.xml:24:9-27:57
27            android:name="zuo.biao.library.ui.ServerSettingActivity"
27-->src\main\AndroidManifest.xml:25:13-69
28            android:screenOrientation="portrait"
28-->src\main\AndroidManifest.xml:26:13-49
29            android:windowSoftInputMode="stateHidden" />
29-->src\main\AndroidManifest.xml:27:13-54
30        <activity
30-->src\main\AndroidManifest.xml:28:9-32:63
31            android:name="zuo.biao.library.ui.TopMenuWindow"
31-->src\main\AndroidManifest.xml:29:13-61
32            android:screenOrientation="portrait"
32-->src\main\AndroidManifest.xml:30:13-49
33            android:theme="@style/Window"
33-->src\main\AndroidManifest.xml:31:13-42
34            android:windowSoftInputMode="stateAlwaysHidden" />
34-->src\main\AndroidManifest.xml:32:13-60
35        <activity
35-->src\main\AndroidManifest.xml:33:9-37:63
36            android:name="zuo.biao.library.ui.BottomMenuWindow"
36-->src\main\AndroidManifest.xml:34:13-64
37            android:screenOrientation="portrait"
37-->src\main\AndroidManifest.xml:35:13-49
38            android:theme="@style/Window"
38-->src\main\AndroidManifest.xml:36:13-42
39            android:windowSoftInputMode="stateAlwaysHidden" />
39-->src\main\AndroidManifest.xml:37:13-60
40        <activity
40-->src\main\AndroidManifest.xml:38:9-42:89
41            android:name="zuo.biao.library.ui.EditTextInfoWindow"
41-->src\main\AndroidManifest.xml:39:13-66
42            android:screenOrientation="portrait"
42-->src\main\AndroidManifest.xml:40:13-49
43            android:theme="@style/Window"
43-->src\main\AndroidManifest.xml:41:13-42
44            android:windowSoftInputMode="stateVisible|adjustResize|adjustUnspecified" />
44-->src\main\AndroidManifest.xml:42:13-86
45        <activity
45-->src\main\AndroidManifest.xml:43:9-47:63
46            android:name="zuo.biao.library.ui.PlacePickerWindow"
46-->src\main\AndroidManifest.xml:44:13-65
47            android:screenOrientation="portrait"
47-->src\main\AndroidManifest.xml:45:13-49
48            android:theme="@style/Window"
48-->src\main\AndroidManifest.xml:46:13-42
49            android:windowSoftInputMode="stateAlwaysHidden" />
49-->src\main\AndroidManifest.xml:47:13-60
50        <activity
50-->src\main\AndroidManifest.xml:48:9-52:63
51            android:name="zuo.biao.library.ui.DatePickerWindow"
51-->src\main\AndroidManifest.xml:49:13-64
52            android:screenOrientation="portrait"
52-->src\main\AndroidManifest.xml:50:13-49
53            android:theme="@style/Window"
53-->src\main\AndroidManifest.xml:51:13-42
54            android:windowSoftInputMode="stateAlwaysHidden" />
54-->src\main\AndroidManifest.xml:52:13-60
55        <activity
55-->src\main\AndroidManifest.xml:53:9-57:63
56            android:name="zuo.biao.library.ui.TimePickerWindow"
56-->src\main\AndroidManifest.xml:54:13-64
57            android:screenOrientation="portrait"
57-->src\main\AndroidManifest.xml:55:13-49
58            android:theme="@style/Window"
58-->src\main\AndroidManifest.xml:56:13-42
59            android:windowSoftInputMode="stateAlwaysHidden" />
59-->src\main\AndroidManifest.xml:57:13-60
60    </application>
61
62</manifest>